#
# There is insufficient memory for the Java Runtime Environment to continue.
# Native memory allocation (mmap) failed to map 58720256 bytes for G1 virtual space
# Possible reasons:
#   The system is out of physical RAM or swap space
#   The process is running with CompressedOops enabled, and the Java Heap may be blocking the growth of the native heap
# Possible solutions:
#   Reduce memory load on the system
#   Increase physical memory or swap space
#   Check if swap backing store is full
#   Decrease Java heap size (-Xmx/-Xms)
#   Decrease number of Java threads
#   Decrease Java thread stack sizes (-Xss)
#   Set larger code cache with -XX:ReservedCodeCacheSize=
#   JVM is running with Unscaled Compressed Oops mode in which the Java heap is
#     placed in the first 4GB address space. The Java Heap base address is the
#     maximum limit for the native heap growth. Please use -XX:HeapBaseMinAddress
#     to set the Java Heap base and to place the Java Heap above 4GB virtual address.
# This output file may be truncated or incomplete.
#
#  Out of Memory Error (os_windows.cpp:3532), pid=44752, tid=48124
#
# JRE version:  (17.0.2+8) (build )
# Java VM: Java HotSpot(TM) 64-Bit Server VM (17.0.2+8-LTS-86, mixed mode, emulated-client, sharing, tiered, compressed oops, compressed class ptrs, g1 gc, windows-amd64)
# No core dump will be written. Minidumps are not enabled by default on client versions of Windows
#

---------------  S U M M A R Y ------------

Command Line: -XX:TieredStopAtLevel=1 com.teamc.bioskop.BioskopApplication

Host: AMD Ryzen 3 3250U with Radeon Graphics         , 4 cores, 3G,  Windows 11 , 64 bit Build 22000 (10.0.22000.708)
Time: Fri Jul  8 21:37:25 2022 SE Asia Standard Time elapsed time: 0.083760 seconds (0d 0h 0m 0s)

---------------  T H R E A D  ---------------

Current thread (0x00000297697a8bd0):  JavaThread "Unknown thread" [_thread_in_vm, id=48124, stack(0x000000d2b3700000,0x000000d2b3800000)]

Stack: [0x000000d2b3700000,0x000000d2b3800000]
Native frames: (J=compiled Java code, j=interpreted, Vv=VM code, C=native code)
V  [jvm.dll+0x670baa]
V  [jvm.dll+0x7cfcb4]
V  [jvm.dll+0x7d145e]
V  [jvm.dll+0x7d1ac3]
V  [jvm.dll+0x242bc5]
V  [jvm.dll+0x66dac9]
V  [jvm.dll+0x662412]
V  [jvm.dll+0x300c0b]
V  [jvm.dll+0x3081a6]
V  [jvm.dll+0x357d0e]
V  [jvm.dll+0x357f3f]
V  [jvm.dll+0x2d7ec8]
V  [jvm.dll+0x2d8e34]
V  [jvm.dll+0x7a18c1]
V  [jvm.dll+0x365a91]
V  [jvm.dll+0x780d2c]
V  [jvm.dll+0x3e845f]
V  [jvm.dll+0x3e9f01]
C  [jli.dll+0x527b]
C  [ucrtbase.dll+0x26c0c]
C  [KERNEL32.DLL+0x154e0]
C  [ntdll.dll+0x485b]


---------------  P R O C E S S  ---------------

Threads class SMR info:
_java_thread_list=0x00007ffe20d89858, length=0, elements={
}

Java Threads: ( => current thread )

Other Threads:
  0x00000297697d2610 GCTaskThread "GC Thread#0" [stack: 0x000000d2b3800000,0x000000d2b3900000] [id=16440]
  0x00000297697da190 ConcurrentGCThread "G1 Main Marker" [stack: 0x000000d2b3900000,0x000000d2b3a00000] [id=44328]
  0x00000297697daba0 ConcurrentGCThread "G1 Conc#0" [stack: 0x000000d2b3a00000,0x000000d2b3b00000] [id=44444]

[error occurred during error reporting (printing all threads), id 0xc0000005, EXCEPTION_ACCESS_VIOLATION (0xc0000005) at pc=0x00007ffe205d88a7]

VM state: not at safepoint (not fully initialized)

VM Mutex/Monitor currently owned by a thread:  ([mutex/lock_event])
[0x00000297697a3390] Heap_lock - owner thread: 0x00000297697a8bd0

Heap address: 0x00000000c9e00000, size: 866 MB, Compressed Oops mode: 32-bit

CDS archive(s) mapped at: [0x0000000000000000-0x0000000000000000-0x0000000000000000), size 0, SharedBaseAddress: 0x0000000800000000, ArchiveRelocationMode: 0.
Narrow klass base: 0x0000000000000000, Narrow klass shift: 0, Narrow klass range: 0x0

GC Precious Log:
<Empty>

Heap:
 garbage-first heap   total 0K, used 0K [0x00000000c9e00000, 0x0000000100000000)
  region size 1024K, 0 young (0K), 0 survivors (0K)

[error occurred during error reporting (printing heap information), id 0xc0000005, EXCEPTION_ACCESS_VIOLATION (0xc0000005) at pc=0x00007ffe209b9f19]

GC Heap History (0 events):
No events

Deoptimization events (0 events):
No events

Classes unloaded (0 events):
No events

Classes redefined (0 events):
No events

Internal exceptions (0 events):
No events

VM Operations (0 events):
No events

Events (1 events):
Event: 0.036 Loaded shared library C:\Program Files\Java\jdk-17.0.2\bin\java.dll


Dynamic libraries:
0x00007ff79ed90000 - 0x00007ff79eda0000 	C:\Program Files\Java\jdk-17.0.2\bin\java.exe
0x00007ffe770a0000 - 0x00007ffe772a9000 	C:\WINDOWS\SYSTEM32\ntdll.dll
0x00007ffe75ac0000 - 0x00007ffe75b7d000 	C:\WINDOWS\System32\KERNEL32.DLL
0x00007ffe746f0000 - 0x00007ffe74a69000 	C:\WINDOWS\System32\KERNELBASE.dll
0x00007ffe74c00000 - 0x00007ffe74d11000 	C:\WINDOWS\System32\ucrtbase.dll
0x00007ffe53e00000 - 0x00007ffe53e18000 	C:\Program Files\Java\jdk-17.0.2\bin\jli.dll
0x00007ffe75400000 - 0x00007ffe754ae000 	C:\WINDOWS\System32\ADVAPI32.dll
0x00007ffe75850000 - 0x00007ffe758f3000 	C:\WINDOWS\System32\msvcrt.dll
0x00007ffe76fb0000 - 0x00007ffe7704e000 	C:\WINDOWS\System32\sechost.dll
0x00007ffe767f0000 - 0x00007ffe76910000 	C:\WINDOWS\System32\RPCRT4.dll
0x00007ffe76990000 - 0x00007ffe76b3c000 	C:\WINDOWS\System32\USER32.dll
0x00007ffe74e80000 - 0x00007ffe74ea6000 	C:\WINDOWS\System32\win32u.dll
0x00007ffe755d0000 - 0x00007ffe755f9000 	C:\WINDOWS\System32\GDI32.dll
0x00007ffe74ae0000 - 0x00007ffe74bf2000 	C:\WINDOWS\System32\gdi32full.dll
0x00007ffe74d20000 - 0x00007ffe74dbd000 	C:\WINDOWS\System32\msvcp_win.dll
0x00007ffe4d430000 - 0x00007ffe4d44a000 	C:\Program Files\Java\jdk-17.0.2\bin\VCRUNTIME140.dll
0x00007ffe5c1b0000 - 0x00007ffe5c455000 	C:\WINDOWS\WinSxS\amd64_microsoft.windows.common-controls_6595b64144ccf1df_6.0.22000.120_none_9d947278b86cc467\COMCTL32.dll
0x00007ffe6ccb0000 - 0x00007ffe6ccba000 	C:\WINDOWS\SYSTEM32\VERSION.dll
0x00007ffe751c0000 - 0x00007ffe751f1000 	C:\WINDOWS\System32\IMM32.DLL
0x00007ffe64b80000 - 0x00007ffe64b8c000 	C:\Program Files\Java\jdk-17.0.2\bin\vcruntime140_1.dll
0x00007ffe3c550000 - 0x00007ffe3c5dd000 	C:\Program Files\Java\jdk-17.0.2\bin\msvcp140.dll
0x00007ffe202f0000 - 0x00007ffe20eb1000 	C:\Program Files\Java\jdk-17.0.2\bin\server\jvm.dll
0x00007ffe77050000 - 0x00007ffe77058000 	C:\WINDOWS\System32\PSAPI.DLL
0x00007ffe5c980000 - 0x00007ffe5c989000 	C:\WINDOWS\SYSTEM32\WSOCK32.dll
0x00007ffe75280000 - 0x00007ffe752ef000 	C:\WINDOWS\System32\WS2_32.dll
0x00007ffe6f3d0000 - 0x00007ffe6f403000 	C:\WINDOWS\SYSTEM32\WINMM.dll
0x00007ffe73680000 - 0x00007ffe73698000 	C:\WINDOWS\SYSTEM32\kernel.appcore.dll
0x00007ffe633f0000 - 0x00007ffe633fa000 	C:\Program Files\Java\jdk-17.0.2\bin\jimage.dll
0x00007ffe72330000 - 0x00007ffe72551000 	C:\WINDOWS\SYSTEM32\DBGHELP.DLL
0x00007ffe5fa50000 - 0x00007ffe5fa81000 	C:\WINDOWS\SYSTEM32\dbgcore.DLL
0x00007ffe74eb0000 - 0x00007ffe74f2f000 	C:\WINDOWS\System32\bcryptPrimitives.dll
0x00007ffe4a150000 - 0x00007ffe4a175000 	C:\Program Files\Java\jdk-17.0.2\bin\java.dll

dbghelp: loaded successfully - version: 4.0.5 - missing functions: none
symbol engine: initialized successfully - sym options: 0x614 - pdb path: .;C:\Program Files\Java\jdk-17.0.2\bin;C:\WINDOWS\SYSTEM32;C:\WINDOWS\WinSxS\amd64_microsoft.windows.common-controls_6595b64144ccf1df_6.0.22000.120_none_9d947278b86cc467;C:\Program Files\Java\jdk-17.0.2\bin\server

VM Arguments:
jvm_args: -XX:TieredStopAtLevel=1 
java_command: com.teamc.bioskop.BioskopApplication
java_class_path (initial): C:\Bootcamp\bioskopReservation\target\classes;C:\Users\lenovo\.m2\repository\org\springframework\spring-aop\5.3.20\spring-aop-5.3.20.jar;C:\Users\lenovo\.m2\repository\org\aspectj\aspectjweaver\1.9.7\aspectjweaver-1.9.7.jar;C:\Users\lenovo\.m2\repository\com\zaxxer\HikariCP\4.0.3\HikariCP-4.0.3.jar;C:\Users\lenovo\.m2\repository\org\springframework\spring-jdbc\5.3.20\spring-jdbc-5.3.20.jar;C:\Users\lenovo\.m2\repository\jakarta\transaction\jakarta.transaction-api\1.3.3\jakarta.transaction-api-1.3.3.jar;C:\Users\lenovo\.m2\repository\jakarta\persistence\jakarta.persistence-api\2.2.3\jakarta.persistence-api-2.2.3.jar;C:\Users\lenovo\.m2\repository\org\hibernate\hibernate-core\5.6.9.Final\hibernate-core-5.6.9.Final.jar;C:\Users\lenovo\.m2\repository\org\jboss\logging\jboss-logging\3.4.3.Final\jboss-logging-3.4.3.Final.jar;C:\Users\lenovo\.m2\repository\net\bytebuddy\byte-buddy\1.12.10\byte-buddy-1.12.10.jar;C:\Users\lenovo\.m2\repository\antlr\antlr\2.7.7\antlr-2.7.7.jar;C:\Users\lenovo\.m2\repository\org\jboss\jandex\2.4.2.Final\jandex-2.4.2.Final.jar;C:\Users\lenovo\.m2\repository\com\fasterxml\classmate\1.5.1\classmate-1.5.1.jar;C:\Users\lenovo\.m2\repository\org\hibernate\common\hibernate-commons-annotations\5.1.2.Final\hibernate-commons-annotations-5.1.2.Final.jar;C:\Users\lenovo\.m2\repository\org\glassfish\jaxb\jaxb-runtime\2.3.6\jaxb-runtime-2.3.6.jar;C:\Users\lenovo\.m2\repository\org\glassfish\jaxb\txw2\2.3.6\txw2-2.3.6.jar;C:\Users\lenovo\.m2\repository\com\sun\istack\istack-commons-runtime\3.0.12\istack-commons-runtime-3.0.12.jar;C:\Users\lenovo\.m2\repository\com\sun\activation\jakarta.activation\1.2.2\jakarta.activation-1.2.2.jar;C:\Users\lenovo\.m2\repository\org\springframework\data\spring-data-jpa\2.7.0\spring-data-jpa-2.7.0.jar;C:\Users\lenovo\.m2\repository\org\springframework\data\spring-data-commons\2.7.0\spring-data-commons-2.7.0.jar;C:\Users\lenovo\.m2\repository\org\springframework\spring-orm\5.3.20\spring-orm-5.3.20
Launcher Type: SUN_STANDARD

[Global flags]
     intx CICompilerCount                          = 3                                         {product} {ergonomic}
     uint ConcGCThreads                            = 1                                         {product} {ergonomic}
     uint G1ConcRefinementThreads                  = 4                                         {product} {ergonomic}
   size_t G1HeapRegionSize                         = 1048576                                   {product} {ergonomic}
    uintx GCDrainStackTargetSize                   = 64                                        {product} {ergonomic}
   size_t InitialHeapSize                          = 58720256                                  {product} {ergonomic}
   size_t MarkStackSize                            = 4194304                                   {product} {ergonomic}
   size_t MaxHeapSize                              = 908066816                                 {product} {ergonomic}
   size_t MinHeapDeltaBytes                        = 1048576                                   {product} {ergonomic}
   size_t MinHeapSize                              = 8388608                                   {product} {ergonomic}
    uintx NonProfiledCodeHeapSize                  = 0                                      {pd product} {ergonomic}
     bool ProfileInterpreter                       = false                                  {pd product} {command line}
    uintx ProfiledCodeHeapSize                     = 0                                      {pd product} {ergonomic}
   size_t SoftMaxHeapSize                          = 908066816                              {manageable} {ergonomic}
     intx TieredStopAtLevel                        = 1                                         {product} {command line}
     bool UseCompressedClassPointers               = true                           {product lp64_product} {ergonomic}
     bool UseCompressedOops                        = true                           {product lp64_product} {ergonomic}
     bool UseG1GC                                  = true                                      {product} {ergonomic}
     bool UseLargePagesIndividualAllocation        = false                                  {pd product} {ergonomic}

Logging:
Log output configuration:
 #0: stdout all=warning uptime,level,tags
 #1: stderr all=off uptime,level,tags

Environment Variables:
JAVA_HOME=C:\Program Files\Java\jdk-17.0.2
PATH=C:\oraclexe\app\oracle\product\11.2.0\server\bin;C:\Program Files\Common Files\Oracle\Java\javapath;C:\ProgramData\Oracle\Java\javapath;C:\WINDOWS\system32;C:\Users\lenovo\Downloads\apache-maven-3.6.3\bin;C:\Program Files\Java\jdk-17.0.2\bin;C:\WINDOWS;C:\WINDOWS\System32\Wbem;C:\WINDOWS\System32\WindowsPowerShell\v1.0\;C:\WINDOWS\System32\OpenSSH\;C:\xampp\php;C:\ProgramData\ComposerSetup\bin;C:\Program Files\MySQL\MySQL Server 8.0\bin;C:\Program Files\Git\cmd;C:\Program Files\MySQL\MySQL Shell 8.0\bin\;C:\Users\lenovo\AppData\Local\Microsoft\WindowsApps;C:\Users\lenovo\AppData\Roaming\Composer\vendor\bin;C:\Users\lenovo\AppData\Local\Programs\Microsoft VS Code\bin;C:\Users\lenovo\Downloads\apache-maven-3.6.3\bin;C:\Program Files\Java\jdk-17.0.2\bin;
USERNAME=lenovo
OS=Windows_NT
PROCESSOR_IDENTIFIER=AMD64 Family 23 Model 24 Stepping 1, AuthenticAMD



---------------  S Y S T E M  ---------------

OS:
 Windows 11 , 64 bit Build 22000 (10.0.22000.708)
OS uptime: 1 days 11:29 hours

CPU: total 4 (initial active 4) (4 cores per cpu, 2 threads per core) family 23 model 24 stepping 1 microcode 0x0, cx8, cmov, fxsr, ht, mmx, 3dnowpref, sse, sse2, sse3, ssse3, sse4a, sse4.1, sse4.2, popcnt, lzcnt, tsc, tscinvbit, avx, avx2, aes, clmul, bmi1, bmi2, adx, sha, fma, vzeroupper, clflush, clflushopt

Memory: 4k page, system-wide physical 3460M (14M free)
TotalPageFile size 14212M (AvailPageFile size 33M)
current process WorkingSet (physical memory assigned to process): 10M, peak: 10M
current process commit charge ("private bytes"): 46M, peak: 102M

vm_info: Java HotSpot(TM) 64-Bit Server VM (17.0.2+8-LTS-86) for windows-amd64 JRE (17.0.2+8-LTS-86), built on Dec  7 2021 21:51:03 by "mach5one" with MS VC++ 16.8 / 16.9 (VS2019)

END.
