#
# There is insufficient memory for the Java Runtime Environment to continue.
# Native memory allocation (mmap) failed to map 85983232 bytes for G1 virtual space
# Possible reasons:
#   The system is out of physical RAM or swap space
#   The process is running with CompressedOops enabled, and the Java Heap may be blocking the growth of the native heap
# Possible solutions:
#   Reduce memory load on the system
#   Increase physical memory or swap space
#   Check if swap backing store is full
#   Decrease Java heap size (-Xmx/-Xms)
#   Decrease number of Java threads
#   Decrease Java thread stack sizes (-Xss)
#   Set larger code cache with -XX:ReservedCodeCacheSize=
#   JVM is running with Unscaled Compressed Oops mode in which the Java heap is
#     placed in the first 4GB address space. The Java Heap base address is the
#     maximum limit for the native heap growth. Please use -XX:HeapBaseMinAddress
#     to set the Java Heap base and to place the Java Heap above 4GB virtual address.
# This output file may be truncated or incomplete.
#
#  Out of Memory Error (os_windows.cpp:3532), pid=24140, tid=47240
#
# JRE version: Java(TM) SE Runtime Environment (17.0.2+8) (build 17.0.2+8-LTS-86)
# Java VM: Java HotSpot(TM) 64-Bit Server VM (17.0.2+8-LTS-86, mixed mode, emulated-client, sharing, tiered, compressed oops, compressed class ptrs, g1 gc, windows-amd64)
# No core dump will be written. Minidumps are not enabled by default on client versions of Windows
#

---------------  S U M M A R Y ------------

Command Line: -XX:TieredStopAtLevel=1 com.teamc.bioskop.BioskopApplication

Host: AMD Ryzen 3 3250U with Radeon Graphics         , 4 cores, 3G,  Windows 11 , 64 bit Build 22000 (10.0.22000.708)
Time: Fri Jul  8 21:37:25 2022 SE Asia Standard Time elapsed time: 2104.915444 seconds (0d 0h 35m 4s)

---------------  T H R E A D  ---------------

Current thread (0x000001e117a5daf0):  VMThread "VM Thread" [stack: 0x00000038d0c00000,0x00000038d0d00000] [id=47240]

Stack: [0x00000038d0c00000,0x00000038d0d00000]
Native frames: (J=compiled Java code, j=interpreted, Vv=VM code, C=native code)
V  [jvm.dll+0x670baa]
V  [jvm.dll+0x7cfcb4]
V  [jvm.dll+0x7d145e]
V  [jvm.dll+0x7d1ac3]
V  [jvm.dll+0x242bc5]
V  [jvm.dll+0x66dac9]
V  [jvm.dll+0x662412]
V  [jvm.dll+0x300c0b]
V  [jvm.dll+0x3081a6]
V  [jvm.dll+0x357d0e]
V  [jvm.dll+0x357f3f]
V  [jvm.dll+0x2d7ec8]
V  [jvm.dll+0x2d6194]
V  [jvm.dll+0x2d579c]
V  [jvm.dll+0x3190eb]
V  [jvm.dll+0x7d5f9b]
V  [jvm.dll+0x7d6cd4]
V  [jvm.dll+0x7d71ec]
V  [jvm.dll+0x7d75c4]
V  [jvm.dll+0x7d7690]
V  [jvm.dll+0x77ff7a]
V  [jvm.dll+0x66fa35]
C  [ucrtbase.dll+0x26c0c]
C  [KERNEL32.DLL+0x154e0]
C  [ntdll.dll+0x485b]

VM_Operation (0x00000038d24fd080): G1CollectForAllocation, mode: safepoint, requested by thread 0x000001e12be82a20


---------------  P R O C E S S  ---------------

Threads class SMR info:
_java_thread_list=0x000001e12c20c500, length=28, elements={
0x000001e126491f40, 0x000001e126493460, 0x000001e1264aa460, 0x000001e1264ac2e0,
0x000001e1264b2490, 0x000001e1264b2e40, 0x000001e1264bb810, 0x000001e1264b10b0,
0x000001e127039d70, 0x000001e12703c3f0, 0x000001e127522070, 0x000001e1295f3be0,
0x000001e12be7fed0, 0x000001e12be84bd0, 0x000001e12be80870, 0x000001e12be850a0,
0x000001e12be85570, 0x000001e12be85a40, 0x000001e12be85f10, 0x000001e12be816e0,
0x000001e12be81bb0, 0x000001e12be80d40, 0x000001e12be82a20, 0x000001e12be863e0,
0x000001e12be833c0, 0x000001e12be82ef0, 0x000001e12be86d80, 0x000001e12be84700
}

Java Threads: ( => current thread )
  0x000001e126491f40 JavaThread "Reference Handler" daemon [_thread_blocked, id=38892, stack(0x00000038d0d00000,0x00000038d0e00000)]
  0x000001e126493460 JavaThread "Finalizer" daemon [_thread_blocked, id=43568, stack(0x00000038d0e00000,0x00000038d0f00000)]
  0x000001e1264aa460 JavaThread "Signal Dispatcher" daemon [_thread_blocked, id=40912, stack(0x00000038d0f00000,0x00000038d1000000)]
  0x000001e1264ac2e0 JavaThread "Attach Listener" daemon [_thread_blocked, id=32120, stack(0x00000038d1000000,0x00000038d1100000)]
  0x000001e1264b2490 JavaThread "Service Thread" daemon [_thread_blocked, id=42552, stack(0x00000038d1100000,0x00000038d1200000)]
  0x000001e1264b2e40 JavaThread "Monitor Deflation Thread" daemon [_thread_blocked, id=41332, stack(0x00000038d1200000,0x00000038d1300000)]
  0x000001e1264bb810 JavaThread "C1 CompilerThread0" daemon [_thread_blocked, id=35076, stack(0x00000038d1300000,0x00000038d1400000)]
  0x000001e1264b10b0 JavaThread "Sweeper thread" daemon [_thread_blocked, id=43672, stack(0x00000038d1400000,0x00000038d1500000)]
  0x000001e127039d70 JavaThread "Notification Thread" daemon [_thread_blocked, id=6352, stack(0x00000038d1500000,0x00000038d1600000)]
  0x000001e12703c3f0 JavaThread "Common-Cleaner" daemon [_thread_blocked, id=36176, stack(0x00000038d1700000,0x00000038d1800000)]
  0x000001e127522070 JavaThread "mysql-cj-abandoned-connection-cleanup" daemon [_thread_blocked, id=47684, stack(0x00000038d2100000,0x00000038d2200000)]
  0x000001e1295f3be0 JavaThread "Live Reload Server" daemon [_thread_in_native, id=44312, stack(0x00000038d2700000,0x00000038d2800000)]
  0x000001e12be7fed0 JavaThread "DestroyJavaVM" [_thread_blocked, id=45884, stack(0x00000038d0600000,0x00000038d0700000)]
  0x000001e12be84bd0 JavaThread "Thread-7" [_thread_blocked, id=46396, stack(0x00000038d0300000,0x00000038d0400000)]
  0x000001e12be80870 JavaThread "restartedMain" [_thread_blocked, id=47428, stack(0x00000038d1e00000,0x00000038d1f00000)]
  0x000001e12be850a0 JavaThread "Catalina-utility-1" [_thread_blocked, id=23412, stack(0x00000038d0400000,0x00000038d0500000)]
  0x000001e12be85570 JavaThread "Catalina-utility-2" [_thread_blocked, id=8696, stack(0x00000038d1c00000,0x00000038d1d00000)]
  0x000001e12be85a40 JavaThread "container-0" [_thread_blocked, id=27504, stack(0x00000038d1d00000,0x00000038d1e00000)]
  0x000001e12be85f10 JavaThread "HikariPool-3 housekeeper" daemon [_thread_blocked, id=47088, stack(0x00000038d1f00000,0x00000038d2000000)]
  0x000001e12be816e0 JavaThread "HikariPool-3 connection adder" daemon [_thread_blocked, id=29808, stack(0x00000038d2000000,0x00000038d2100000)]
  0x000001e12be81bb0 JavaThread "ClassGraph-worker-128" daemon [_thread_blocked, id=28096, stack(0x00000038d2200000,0x00000038d2300000)]
  0x000001e12be80d40 JavaThread "ClassGraph-worker-129" daemon [_thread_in_native, id=15744, stack(0x00000038d2300000,0x00000038d2400000)]
  0x000001e12be82a20 JavaThread "ClassGraph-worker-130" daemon [_thread_blocked, id=46088, stack(0x00000038d2400000,0x00000038d2500000)]
  0x000001e12be863e0 JavaThread "ClassGraph-worker-131" daemon [_thread_blocked, id=46104, stack(0x00000038d2500000,0x00000038d2600000)]
  0x000001e12be833c0 JavaThread "ClassGraph-worker-132" daemon [_thread_blocked, id=27120, stack(0x00000038d2600000,0x00000038d2700000)]
  0x000001e12be82ef0 JavaThread "ClassGraph-worker-133" daemon [_thread_blocked, id=42180, stack(0x00000038d2800000,0x00000038d2900000)]
  0x000001e12be86d80 JavaThread "ClassGraph-worker-134" daemon [_thread_blocked, id=35504, stack(0x00000038d2900000,0x00000038d2a00000)]
  0x000001e12be84700 JavaThread "ClassGraph-worker-135" daemon [_thread_blocked, id=47392, stack(0x00000038d2a00000,0x00000038d2b00000)]

Other Threads:
=>0x000001e117a5daf0 VMThread "VM Thread" [stack: 0x00000038d0c00000,0x00000038d0d00000] [id=47240]
  0x000001e1179c2220 WatcherThread [stack: 0x00000038d1600000,0x00000038d1700000] [id=41408]
  0x000001e1179b27d0 GCTaskThread "GC Thread#0" [stack: 0x00000038d0700000,0x00000038d0800000] [id=46284]
  0x000001e127687ab0 GCTaskThread "GC Thread#1" [stack: 0x00000038d1800000,0x00000038d1900000] [id=45440]
  0x000001e1276ff9a0 GCTaskThread "GC Thread#2" [stack: 0x00000038d1900000,0x00000038d1a00000] [id=30176]
  0x000001e127703c60 GCTaskThread "GC Thread#3" [stack: 0x00000038d1a00000,0x00000038d1b00000] [id=35488]
  0x000001e1179ba350 ConcurrentGCThread "G1 Main Marker" [stack: 0x00000038d0800000,0x00000038d0900000] [id=36652]
  0x000001e1179bb500 ConcurrentGCThread "G1 Conc#0" [stack: 0x00000038d0900000,0x00000038d0a00000] [id=42296]
  0x000001e1179f9190 ConcurrentGCThread "G1 Refine#0" [stack: 0x00000038d0a00000,0x00000038d0b00000] [id=44484]
  0x000001e1276f4060 ConcurrentGCThread "G1 Refine#1" [stack: 0x00000038d1b00000,0x00000038d1c00000] [id=46356]
  0x000001e1274999b0 ConcurrentGCThread "G1 Refine#2" [stack: 0x00000038d2b00000,0x00000038d2c00000] [id=31292]
  0x000001e1179f9bb0 ConcurrentGCThread "G1 Service" [stack: 0x00000038d0b00000,0x00000038d0c00000] [id=46032]

Threads with active compile tasks:

VM state: at safepoint (normal execution)

VM Mutex/Monitor currently owned by a thread:  ([mutex/lock_event])
[0x000001e117984a60] Threads_lock - owner thread: 0x000001e117a5daf0
[0x000001e117984dc0] Heap_lock - owner thread: 0x000001e12be82a20

Heap address: 0x00000000c9e00000, size: 866 MB, Compressed Oops mode: 32-bit

CDS archive(s) mapped at: [0x0000000800000000-0x0000000800bc0000-0x0000000800bc0000), size 12320768, SharedBaseAddress: 0x0000000800000000, ArchiveRelocationMode: 0.
Compressed class space mapped at: 0x0000000800c00000-0x0000000840c00000, reserved size: 1073741824
Narrow klass base: 0x0000000800000000, Narrow klass shift: 0, Narrow klass range: 0x100000000

GC Precious Log:
 CPUs: 4 total, 4 available
 Memory: 3460M
 Large Page Support: Disabled
 NUMA Support: Disabled
 Compressed Oops: Enabled (32-bit)
 Heap Region Size: 1M
 Heap Min Capacity: 8M
 Heap Initial Capacity: 56M
 Heap Max Capacity: 866M
 Pre-touch: Disabled
 Parallel Workers: 4
 Concurrent Workers: 1
 Concurrent Refinement Workers: 4
 Periodic GC: Disabled

Heap:
 garbage-first heap   total 97280K, used 47135K [0x00000000c9e00000, 0x0000000100000000)
  region size 1024K, 1 young (1024K), 1 survivors (1024K)
 Metaspace       used 59571K, committed 60224K, reserved 1105920K
  class space    used 8332K, committed 8640K, reserved 1048576K

Heap Regions: E=young(eden), S=young(survivor), O=old, HS=humongous(starts), HC=humongous(continues), CS=collection set, F=free, OA=open archive, CA=closed archive, TAMS=top-at-mark-start (previous, next)
|   0|0x00000000c9e00000, 0x00000000c9f00000, 0x00000000c9f00000|100%|HS|  |TAMS 0x00000000c9f00000, 0x00000000c9e00000| Complete 
|   1|0x00000000c9f00000, 0x00000000ca000000, 0x00000000ca000000|100%| O|  |TAMS 0x00000000ca000000, 0x00000000c9f00000| Untracked 
|   2|0x00000000ca000000, 0x00000000ca100000, 0x00000000ca100000|100%| O|  |TAMS 0x00000000ca100000, 0x00000000ca000000| Untracked 
|   3|0x00000000ca100000, 0x00000000ca200000, 0x00000000ca200000|100%| O|  |TAMS 0x00000000ca200000, 0x00000000ca100000| Untracked 
|   4|0x00000000ca200000, 0x00000000ca2fffd8, 0x00000000ca300000| 99%| O|  |TAMS 0x00000000ca2fffd8, 0x00000000ca200000| Untracked 
|   5|0x00000000ca300000, 0x00000000ca400000, 0x00000000ca400000|100%| O|  |TAMS 0x00000000ca400000, 0x00000000ca300000| Untracked 
|   6|0x00000000ca400000, 0x00000000ca4fffe0, 0x00000000ca500000| 99%| O|  |TAMS 0x00000000ca4fffe0, 0x00000000ca400000| Untracked 
|   7|0x00000000ca500000, 0x00000000ca600000, 0x00000000ca600000|100%| O|  |TAMS 0x00000000ca600000, 0x00000000ca500000| Untracked 
|   8|0x00000000ca600000, 0x00000000ca6ffff0, 0x00000000ca700000| 99%| O|  |TAMS 0x00000000ca6ffff0, 0x00000000ca600000| Untracked 
|   9|0x00000000ca700000, 0x00000000ca7ffff8, 0x00000000ca800000| 99%| O|  |TAMS 0x00000000ca7ffff8, 0x00000000ca700000| Untracked 
|  10|0x00000000ca800000, 0x00000000ca900000, 0x00000000ca900000|100%| O|  |TAMS 0x00000000ca900000, 0x00000000ca800000| Untracked 
|  11|0x00000000ca900000, 0x00000000ca9fffb0, 0x00000000caa00000| 99%| O|  |TAMS 0x00000000ca9fffb0, 0x00000000ca900000| Untracked 
|  12|0x00000000caa00000, 0x00000000caaffff0, 0x00000000cab00000| 99%| O|  |TAMS 0x00000000caaffff0, 0x00000000caa00000| Untracked 
|  13|0x00000000cab00000, 0x00000000cabfea60, 0x00000000cac00000| 99%| O|  |TAMS 0x00000000cabfea60, 0x00000000cab00000| Untracked 
|  14|0x00000000cac00000, 0x00000000cacffff0, 0x00000000cad00000| 99%| O|  |TAMS 0x00000000cacffff0, 0x00000000cac00000| Untracked 
|  15|0x00000000cad00000, 0x00000000cadfec78, 0x00000000cae00000| 99%| O|  |TAMS 0x00000000cadfec78, 0x00000000cad00000| Untracked 
|  16|0x00000000cae00000, 0x00000000caefffb8, 0x00000000caf00000| 99%| O|  |TAMS 0x00000000caefffb8, 0x00000000cae00000| Untracked 
|  17|0x00000000caf00000, 0x00000000caffffd0, 0x00000000cb000000| 99%| O|  |TAMS 0x00000000caffffd0, 0x00000000caf00000| Untracked 
|  18|0x00000000cb000000, 0x00000000cb0d55c0, 0x00000000cb100000| 83%| O|  |TAMS 0x00000000cb0d55c0, 0x00000000cb000000| Untracked 
|  19|0x00000000cb100000, 0x00000000cb1ffff0, 0x00000000cb200000| 99%| O|  |TAMS 0x00000000cb1ffff0, 0x00000000cb100000| Untracked 
|  20|0x00000000cb200000, 0x00000000cb2fffe0, 0x00000000cb300000| 99%| O|  |TAMS 0x00000000cb2fffe0, 0x00000000cb200000| Untracked 
|  21|0x00000000cb300000, 0x00000000cb400000, 0x00000000cb400000|100%| O|  |TAMS 0x00000000cb400000, 0x00000000cb300000| Untracked 
|  22|0x00000000cb400000, 0x00000000cb500000, 0x00000000cb500000|100%| O|  |TAMS 0x00000000cb400000, 0x00000000cb400000| Untracked 
|  23|0x00000000cb500000, 0x00000000cb600000, 0x00000000cb600000|100%| O|  |TAMS 0x00000000cb600000, 0x00000000cb500000| Untracked 
|  24|0x00000000cb600000, 0x00000000cb700000, 0x00000000cb700000|100%| O|  |TAMS 0x00000000cb700000, 0x00000000cb600000| Untracked 
|  25|0x00000000cb700000, 0x00000000cb716bf0, 0x00000000cb800000|  8%| O|  |TAMS 0x00000000cb716bf0, 0x00000000cb700000| Untracked 
|  26|0x00000000cb800000, 0x00000000cb900000, 0x00000000cb900000|100%| O|  |TAMS 0x00000000cb900000, 0x00000000cb800000| Untracked 
|  27|0x00000000cb900000, 0x00000000cb92c590, 0x00000000cba00000| 17%| O|  |TAMS 0x00000000cb92c590, 0x00000000cb900000| Untracked 
|  28|0x00000000cba00000, 0x00000000cbb00000, 0x00000000cbb00000|100%| O|  |TAMS 0x00000000cbb00000, 0x00000000cba00000| Untracked 
|  29|0x00000000cbb00000, 0x00000000cbc00000, 0x00000000cbc00000|100%| O|  |TAMS 0x00000000cbc00000, 0x00000000cbb00000| Untracked 
|  30|0x00000000cbc00000, 0x00000000cbd00000, 0x00000000cbd00000|100%| O|  |TAMS 0x00000000cbd00000, 0x00000000cbc00000| Untracked 
|  31|0x00000000cbd00000, 0x00000000cbe00000, 0x00000000cbe00000|100%| O|  |TAMS 0x00000000cbe00000, 0x00000000cbd00000| Untracked 
|  32|0x00000000cbe00000, 0x00000000cbf00000, 0x00000000cbf00000|100%| O|  |TAMS 0x00000000cbf00000, 0x00000000cbe00000| Untracked 
|  33|0x00000000cbf00000, 0x00000000cbf00000, 0x00000000cc000000|  0%| F|  |TAMS 0x00000000cbf00000, 0x00000000cbf00000| Untracked 
|  34|0x00000000cc000000, 0x00000000cc100000, 0x00000000cc100000|100%| O|  |TAMS 0x00000000cc000000, 0x00000000cc000000| Untracked 
|  35|0x00000000cc100000, 0x00000000cc200000, 0x00000000cc200000|100%| O|  |TAMS 0x00000000cc100000, 0x00000000cc100000| Untracked 
|  36|0x00000000cc200000, 0x00000000cc200000, 0x00000000cc300000|  0%| F|  |TAMS 0x00000000cc200000, 0x00000000cc200000| Untracked 
|  37|0x00000000cc300000, 0x00000000cc400000, 0x00000000cc400000|100%| O|  |TAMS 0x00000000cc300000, 0x00000000cc300000| Untracked 
|  38|0x00000000cc400000, 0x00000000cc500000, 0x00000000cc500000|100%| O|  |TAMS 0x00000000cc400000, 0x00000000cc400000| Untracked 
|  39|0x00000000cc500000, 0x00000000cc600000, 0x00000000cc600000|100%| O|  |TAMS 0x00000000cc600000, 0x00000000cc500000| Untracked 
|  40|0x00000000cc600000, 0x00000000cc700000, 0x00000000cc700000|100%| O|  |TAMS 0x00000000cc700000, 0x00000000cc600000| Untracked 
|  41|0x00000000cc700000, 0x00000000cc800000, 0x00000000cc800000|100%| O|  |TAMS 0x00000000cc74e400, 0x00000000cc700000| Untracked 
|  42|0x00000000cc800000, 0x00000000cc900000, 0x00000000cc900000|100%| O|  |TAMS 0x00000000cc800000, 0x00000000cc800000| Untracked 
|  43|0x00000000cc900000, 0x00000000cca00000, 0x00000000cca00000|100%| O|  |TAMS 0x00000000cc900000, 0x00000000cc900000| Untracked 
|  44|0x00000000cca00000, 0x00000000ccb00000, 0x00000000ccb00000|100%| O|  |TAMS 0x00000000cca00000, 0x00000000cca00000| Untracked 
|  45|0x00000000ccb00000, 0x00000000ccc00000, 0x00000000ccc00000|100%| O|  |TAMS 0x00000000ccb00000, 0x00000000ccb00000| Untracked 
|  46|0x00000000ccc00000, 0x00000000ccd00000, 0x00000000ccd00000|100%| O|  |TAMS 0x00000000ccc00000, 0x00000000ccc00000| Untracked 
|  47|0x00000000ccd00000, 0x00000000cce00000, 0x00000000cce00000|100%| O|  |TAMS 0x00000000ccd00000, 0x00000000ccd00000| Untracked 
|  48|0x00000000cce00000, 0x00000000ccf00000, 0x00000000ccf00000|100%| O|  |TAMS 0x00000000cce00000, 0x00000000cce00000| Untracked 
|  49|0x00000000ccf00000, 0x00000000ccf84400, 0x00000000cd000000| 51%| O|  |TAMS 0x00000000ccf00000, 0x00000000ccf00000| Untracked 
|  50|0x00000000cd000000, 0x00000000cd000000, 0x00000000cd100000|  0%| F|  |TAMS 0x00000000cd000000, 0x00000000cd000000| Untracked 
|  51|0x00000000cd100000, 0x00000000cd100000, 0x00000000cd200000|  0%| F|  |TAMS 0x00000000cd100000, 0x00000000cd100000| Untracked 
|  52|0x00000000cd200000, 0x00000000cd200000, 0x00000000cd300000|  0%| F|  |TAMS 0x00000000cd200000, 0x00000000cd200000| Untracked 
|  53|0x00000000cd300000, 0x00000000cd300000, 0x00000000cd400000|  0%| F|  |TAMS 0x00000000cd300000, 0x00000000cd300000| Untracked 
|  54|0x00000000cd400000, 0x00000000cd400000, 0x00000000cd500000|  0%| F|  |TAMS 0x00000000cd400000, 0x00000000cd400000| Untracked 
|  55|0x00000000cd500000, 0x00000000cd500000, 0x00000000cd600000|  0%| F|  |TAMS 0x00000000cd500000, 0x00000000cd500000| Untracked 
|  56|0x00000000cd600000, 0x00000000cd600000, 0x00000000cd700000|  0%| F|  |TAMS 0x00000000cd600000, 0x00000000cd600000| Untracked 
|  57|0x00000000cd700000, 0x00000000cd700000, 0x00000000cd800000|  0%| F|  |TAMS 0x00000000cd700000, 0x00000000cd700000| Untracked 
|  58|0x00000000cd800000, 0x00000000cd800000, 0x00000000cd900000|  0%| F|  |TAMS 0x00000000cd800000, 0x00000000cd800000| Untracked 
|  59|0x00000000cd900000, 0x00000000cd900000, 0x00000000cda00000|  0%| F|  |TAMS 0x00000000cd900000, 0x00000000cd900000| Untracked 
|  60|0x00000000cda00000, 0x00000000cda00000, 0x00000000cdb00000|  0%| F|  |TAMS 0x00000000cda00000, 0x00000000cda00000| Untracked 
|  61|0x00000000cdb00000, 0x00000000cdb00000, 0x00000000cdc00000|  0%| F|  |TAMS 0x00000000cdb00000, 0x00000000cdb00000| Untracked 
|  62|0x00000000cdc00000, 0x00000000cdc00000, 0x00000000cdd00000|  0%| F|  |TAMS 0x00000000cdc00000, 0x00000000cdc00000| Untracked 
|  63|0x00000000cdd00000, 0x00000000cdd00000, 0x00000000cde00000|  0%| F|  |TAMS 0x00000000cdd00000, 0x00000000cdd00000| Untracked 
|  64|0x00000000cde00000, 0x00000000cde00000, 0x00000000cdf00000|  0%| F|  |TAMS 0x00000000cde00000, 0x00000000cde00000| Untracked 
|  65|0x00000000cdf00000, 0x00000000cdf00000, 0x00000000ce000000|  0%| F|  |TAMS 0x00000000cdf00000, 0x00000000cdf00000| Untracked 
|  66|0x00000000ce000000, 0x00000000ce000000, 0x00000000ce100000|  0%| F|  |TAMS 0x00000000ce000000, 0x00000000ce000000| Untracked 
|  67|0x00000000ce100000, 0x00000000ce100000, 0x00000000ce200000|  0%| F|  |TAMS 0x00000000ce100000, 0x00000000ce100000| Untracked 
|  68|0x00000000ce200000, 0x00000000ce200000, 0x00000000ce300000|  0%| F|  |TAMS 0x00000000ce200000, 0x00000000ce200000| Untracked 
|  69|0x00000000ce300000, 0x00000000ce300000, 0x00000000ce400000|  0%| F|  |TAMS 0x00000000ce300000, 0x00000000ce300000| Untracked 
|  70|0x00000000ce400000, 0x00000000ce400000, 0x00000000ce500000|  0%| F|  |TAMS 0x00000000ce400000, 0x00000000ce400000| Untracked 
|  71|0x00000000ce500000, 0x00000000ce500000, 0x00000000ce600000|  0%| F|  |TAMS 0x00000000ce500000, 0x00000000ce500000| Untracked 
|  72|0x00000000ce600000, 0x00000000ce600000, 0x00000000ce700000|  0%| F|  |TAMS 0x00000000ce600000, 0x00000000ce600000| Untracked 
|  73|0x00000000ce700000, 0x00000000ce700000, 0x00000000ce800000|  0%| F|  |TAMS 0x00000000ce700000, 0x00000000ce700000| Untracked 
|  74|0x00000000ce800000, 0x00000000ce800000, 0x00000000ce900000|  0%| F|  |TAMS 0x00000000ce800000, 0x00000000ce800000| Untracked 
|  75|0x00000000ce900000, 0x00000000ce900000, 0x00000000cea00000|  0%| F|  |TAMS 0x00000000ce900000, 0x00000000ce900000| Untracked 
|  76|0x00000000cea00000, 0x00000000cea00000, 0x00000000ceb00000|  0%| F|  |TAMS 0x00000000cea00000, 0x00000000cea00000| Untracked 
|  77|0x00000000ceb00000, 0x00000000ceb00000, 0x00000000cec00000|  0%| F|  |TAMS 0x00000000ceb00000, 0x00000000ceb00000| Untracked 
|  78|0x00000000cec00000, 0x00000000cec00000, 0x00000000ced00000|  0%| F|  |TAMS 0x00000000cec00000, 0x00000000cec00000| Untracked 
|  79|0x00000000ced00000, 0x00000000ced00000, 0x00000000cee00000|  0%| F|  |TAMS 0x00000000ced00000, 0x00000000ced00000| Untracked 
|  80|0x00000000cee00000, 0x00000000cee00000, 0x00000000cef00000|  0%| F|  |TAMS 0x00000000cee00000, 0x00000000cee00000| Untracked 
|  81|0x00000000cef00000, 0x00000000cef00000, 0x00000000cf000000|  0%| F|  |TAMS 0x00000000cef00000, 0x00000000cef00000| Untracked 
|  82|0x00000000cf000000, 0x00000000cf000000, 0x00000000cf100000|  0%| F|  |TAMS 0x00000000cf000000, 0x00000000cf000000| Untracked 
|  83|0x00000000cf100000, 0x00000000cf100000, 0x00000000cf200000|  0%| F|  |TAMS 0x00000000cf100000, 0x00000000cf100000| Untracked 
|  84|0x00000000cf200000, 0x00000000cf200000, 0x00000000cf300000|  0%| F|  |TAMS 0x00000000cf200000, 0x00000000cf200000| Untracked 
|  85|0x00000000cf300000, 0x00000000cf300000, 0x00000000cf400000|  0%| F|  |TAMS 0x00000000cf300000, 0x00000000cf300000| Untracked 
|  86|0x00000000cf400000, 0x00000000cf400000, 0x00000000cf500000|  0%| F|  |TAMS 0x00000000cf400000, 0x00000000cf400000| Untracked 
|  87|0x00000000cf500000, 0x00000000cf500000, 0x00000000cf600000|  0%| F|  |TAMS 0x00000000cf500000, 0x00000000cf500000| Untracked 
|  88|0x00000000cf600000, 0x00000000cf600000, 0x00000000cf700000|  0%| F|  |TAMS 0x00000000cf600000, 0x00000000cf600000| Untracked 
|  89|0x00000000cf700000, 0x00000000cf700000, 0x00000000cf800000|  0%| F|  |TAMS 0x00000000cf700000, 0x00000000cf700000| Untracked 
|  90|0x00000000cf800000, 0x00000000cf800000, 0x00000000cf900000|  0%| F|  |TAMS 0x00000000cf800000, 0x00000000cf800000| Untracked 
|  91|0x00000000cf900000, 0x00000000cf900000, 0x00000000cfa00000|  0%| F|  |TAMS 0x00000000cf900000, 0x00000000cf900000| Untracked 
|  92|0x00000000cfa00000, 0x00000000cfa00000, 0x00000000cfb00000|  0%| F|  |TAMS 0x00000000cfa00000, 0x00000000cfa00000| Untracked 
|  93|0x00000000cfb00000, 0x00000000cfb6db90, 0x00000000cfc00000| 42%| S|CS|TAMS 0x00000000cfb00000, 0x00000000cfb00000| Complete 
|  94|0x00000000cfc00000, 0x00000000cfc00000, 0x00000000cfd00000|  0%| F|  |TAMS 0x00000000cfc00000, 0x00000000cfc00000| Untracked 

Card table byte_map: [0x000001e1221e0000,0x000001e1223a0000] _byte_map_base: 0x000001e121b91000

Marking Bits (Prev, Next): (CMBitMap*) 0x000001e1179b2e20, (CMBitMap*) 0x000001e1179b2de0
 Prev Bits: [0x000001e1232f0000, 0x000001e124078000)
 Next Bits: [0x000001e122560000, 0x000001e1232e8000)

Polling page: 0x000001e115980000

Metaspace:

Usage:
  Non-class:     50.04 MB used.
      Class:      8.14 MB used.
       Both:     58.18 MB used.

Virtual space:
  Non-class space:       56.00 MB reserved,      50.38 MB ( 90%) committed,  7 nodes.
      Class space:        1.00 GB reserved,       8.44 MB ( <1%) committed,  1 nodes.
             Both:        1.05 GB reserved,      58.81 MB (  5%) committed. 

Chunk freelists:
   Non-Class:  1.27 MB
       Class:  3.54 MB
        Both:  4.81 MB

MaxMetaspaceSize: unlimited
CompressedClassSpaceSize: 1.00 GB
Initial GC threshold: 21.00 MB
Current GC threshold: 98.06 MB
CDS: on
MetaspaceReclaimPolicy: balanced
 - commit_granule_bytes: 65536.
 - commit_granule_words: 8192.
 - virtual_space_node_default_size: 1048576.
 - enlarge_chunks_in_place: 1.
 - new_chunks_are_fully_committed: 0.
 - uncommit_free_chunks: 1.
 - use_allocation_guard: 0.
 - handle_deallocations: 1.


Internal statistics:

num_allocs_failed_limit: 6.
num_arena_births: 1046.
num_arena_deaths: 260.
num_vsnodes_births: 8.
num_vsnodes_deaths: 0.
num_space_committed: 941.
num_space_uncommitted: 0.
num_chunks_returned_to_freelist: 309.
num_chunks_taken_from_freelist: 3449.
num_chunk_merges: 102.
num_chunk_splits: 2246.
num_chunks_enlarged: 1582.
num_purges: 4.
num_inconsistent_stats: 0.

CodeCache: size=49152Kb used=16345Kb max_used=16345Kb free=32806Kb
 bounds [0x000001e11f1e0000, 0x000001e1201e0000, 0x000001e1221e0000]
 total_blobs=9550 nmethods=8922 adapters=554
 compilation: enabled
              stopped_count=0, restarted_count=0
 full_count=0

Compilation events (20 events):
Event: 2104.059 Thread 0x000001e1264bb810 8931       1       java.nio.Bits::pageSize (20 bytes)
Event: 2104.059 Thread 0x000001e1264bb810 nmethod 8931 0x000001e1201d0a90 code [0x000001e1201d0c20, 0x000001e1201d0cf8]
Event: 2104.059 Thread 0x000001e1264bb810 8932       1       java.nio.DirectByteBuffer$Deallocator::<init> (41 bytes)
Event: 2104.059 Thread 0x000001e1264bb810 nmethod 8932 0x000001e1201d0d90 code [0x000001e1201d0f20, 0x000001e1201d0ff8]
Event: 2104.059 Thread 0x000001e1264bb810 8933       1       jdk.internal.misc.VM::isDirectMemoryPageAligned (4 bytes)
Event: 2104.059 Thread 0x000001e1264bb810 nmethod 8933 0x000001e1201d1090 code [0x000001e1201d1220, 0x000001e1201d12d8]
Event: 2104.060 Thread 0x000001e1264bb810 8935       1       java.nio.DirectByteBuffer$Deallocator::run (38 bytes)
Event: 2104.060 Thread 0x000001e1264bb810 nmethod 8935 0x000001e1201d1390 code [0x000001e1201d1540, 0x000001e1201d1728]
Event: 2104.060 Thread 0x000001e1264bb810 8936       1       java.nio.Bits::unreserveMemory (64 bytes)
Event: 2104.060 Thread 0x000001e1264bb810 nmethod 8936 0x000001e1201d1810 code [0x000001e1201d19a0, 0x000001e1201d1a98]
Event: 2104.062 Thread 0x000001e1264bb810 8937       1       sun.nio.ch.Util$BufferCache::removeFirst (65 bytes)
Event: 2104.062 Thread 0x000001e1264bb810 nmethod 8937 0x000001e1201d1b10 code [0x000001e1201d1ca0, 0x000001e1201d1df8]
Event: 2104.062 Thread 0x000001e1264bb810 8938   !   1       jdk.internal.ref.Cleaner::clean (35 bytes)
Event: 2104.063 Thread 0x000001e1264bb810 nmethod 8938 0x000001e1201d1f10 code [0x000001e1201d2100, 0x000001e1201d2348]
Event: 2104.063 Thread 0x000001e1264bb810 8939  s    1       jdk.internal.ref.Cleaner::remove (89 bytes)
Event: 2104.063 Thread 0x000001e1264bb810 nmethod 8939 0x000001e1201d2490 code [0x000001e1201d2660, 0x000001e1201d2ab8]
Event: 2104.173 Thread 0x000001e1264bb810 8940       1       java.lang.String::split (327 bytes)
Event: 2104.176 Thread 0x000001e1264bb810 nmethod 8940 0x000001e1201d2c10 code [0x000001e1201d2f40, 0x000001e1201d4248]
Event: 2104.435 Thread 0x000001e1264bb810 8941   !   1       java.util.concurrent.ThreadPoolExecutor::addWorker (289 bytes)
Event: 2104.437 Thread 0x000001e1264bb810 nmethod 8941 0x000001e1201d4e10 code [0x000001e1201d50c0, 0x000001e1201d5b08]

GC Heap History (20 events):
Event: 2090.176 GC heap after
{Heap after GC invocations=31 (full 1):
 garbage-first heap   total 121856K, used 50120K [0x00000000c9e00000, 0x0000000100000000)
  region size 1024K, 3 young (3072K), 3 survivors (3072K)
 Metaspace       used 58929K, committed 59584K, reserved 1105920K
  class space    used 8265K, committed 8576K, reserved 1048576K
}
Event: 2092.389 GC heap before
{Heap before GC invocations=31 (full 1):
 garbage-first heap   total 121856K, used 89032K [0x00000000c9e00000, 0x0000000100000000)
  region size 1024K, 41 young (41984K), 3 survivors (3072K)
 Metaspace       used 58939K, committed 59584K, reserved 1105920K
  class space    used 8267K, committed 8576K, reserved 1048576K
}
Event: 2092.409 GC heap after
{Heap after GC invocations=32 (full 1):
 garbage-first heap   total 121856K, used 59918K [0x00000000c9e00000, 0x0000000100000000)
  region size 1024K, 6 young (6144K), 6 survivors (6144K)
 Metaspace       used 58939K, committed 59584K, reserved 1105920K
  class space    used 8267K, committed 8576K, reserved 1048576K
}
Event: 2096.937 GC heap before
{Heap before GC invocations=32 (full 1):
 garbage-first heap   total 121856K, used 60942K [0x00000000c9e00000, 0x0000000100000000)
  region size 1024K, 8 young (8192K), 6 survivors (6144K)
 Metaspace       used 58942K, committed 59584K, reserved 1105920K
  class space    used 8267K, committed 8576K, reserved 1048576K
}
Event: 2097.025 GC heap after
{Heap after GC invocations=33 (full 2):
 garbage-first heap   total 86016K, used 23639K [0x00000000c9e00000, 0x0000000100000000)
  region size 1024K, 0 young (0K), 0 survivors (0K)
 Metaspace       used 58894K, committed 59584K, reserved 1105920K
  class space    used 8256K, committed 8576K, reserved 1048576K
}
Event: 2099.658 GC heap before
{Heap before GC invocations=33 (full 2):
 garbage-first heap   total 86016K, used 55383K [0x00000000c9e00000, 0x0000000100000000)
  region size 1024K, 31 young (31744K), 0 survivors (0K)
 Metaspace       used 59099K, committed 59712K, reserved 1105920K
  class space    used 8281K, committed 8576K, reserved 1048576K
}
Event: 2099.666 GC heap after
{Heap after GC invocations=34 (full 2):
 garbage-first heap   total 86016K, used 26224K [0x00000000c9e00000, 0x0000000100000000)
  region size 1024K, 3 young (3072K), 3 survivors (3072K)
 Metaspace       used 59099K, committed 59712K, reserved 1105920K
  class space    used 8281K, committed 8576K, reserved 1048576K
}
Event: 2102.304 GC heap before
{Heap before GC invocations=34 (full 2):
 garbage-first heap   total 86016K, used 57968K [0x00000000c9e00000, 0x0000000100000000)
  region size 1024K, 34 young (34816K), 3 survivors (3072K)
 Metaspace       used 59346K, committed 59968K, reserved 1105920K
  class space    used 8303K, committed 8576K, reserved 1048576K
}
Event: 2102.315 GC heap after
{Heap after GC invocations=35 (full 2):
 garbage-first heap   total 86016K, used 28663K [0x00000000c9e00000, 0x0000000100000000)
  region size 1024K, 5 young (5120K), 5 survivors (5120K)
 Metaspace       used 59346K, committed 59968K, reserved 1105920K
  class space    used 8303K, committed 8576K, reserved 1048576K
}
Event: 2103.828 GC heap before
{Heap before GC invocations=35 (full 2):
 garbage-first heap   total 86016K, used 60407K [0x00000000c9e00000, 0x0000000100000000)
  region size 1024K, 36 young (36864K), 5 survivors (5120K)
 Metaspace       used 59559K, committed 60224K, reserved 1105920K
  class space    used 8329K, committed 8640K, reserved 1048576K
}
Event: 2103.838 GC heap after
{Heap after GC invocations=36 (full 2):
 garbage-first heap   total 86016K, used 32108K [0x00000000c9e00000, 0x0000000100000000)
  region size 1024K, 5 young (5120K), 5 survivors (5120K)
 Metaspace       used 59559K, committed 60224K, reserved 1105920K
  class space    used 8329K, committed 8640K, reserved 1048576K
}
Event: 2103.975 GC heap before
{Heap before GC invocations=36 (full 2):
 garbage-first heap   total 86016K, used 61804K [0x00000000c9e00000, 0x0000000100000000)
  region size 1024K, 34 young (34816K), 5 survivors (5120K)
 Metaspace       used 59560K, committed 60224K, reserved 1105920K
  class space    used 8329K, committed 8640K, reserved 1048576K
}
Event: 2103.998 GC heap after
{Heap after GC invocations=37 (full 2):
 garbage-first heap   total 86016K, used 38999K [0x00000000c9e00000, 0x0000000100000000)
  region size 1024K, 5 young (5120K), 5 survivors (5120K)
 Metaspace       used 59560K, committed 60224K, reserved 1105920K
  class space    used 8329K, committed 8640K, reserved 1048576K
}
Event: 2104.189 GC heap before
{Heap before GC invocations=37 (full 2):
 garbage-first heap   total 86016K, used 61527K [0x00000000c9e00000, 0x0000000100000000)
  region size 1024K, 27 young (27648K), 5 survivors (5120K)
 Metaspace       used 59571K, committed 60224K, reserved 1105920K
  class space    used 8332K, committed 8640K, reserved 1048576K
}
Event: 2104.204 GC heap after
{Heap after GC invocations=38 (full 2):
 garbage-first heap   total 86016K, used 43408K [0x00000000c9e00000, 0x0000000100000000)
  region size 1024K, 4 young (4096K), 4 survivors (4096K)
 Metaspace       used 59571K, committed 60224K, reserved 1105920K
  class space    used 8332K, committed 8640K, reserved 1048576K
}
Event: 2104.583 GC heap before
{Heap before GC invocations=38 (full 2):
 garbage-first heap   total 86016K, used 57744K [0x00000000c9e00000, 0x0000000100000000)
  region size 1024K, 19 young (19456K), 4 survivors (4096K)
 Metaspace       used 59571K, committed 60224K, reserved 1105920K
  class space    used 8332K, committed 8640K, reserved 1048576K
}
Event: 2104.596 GC heap after
{Heap after GC invocations=39 (full 2):
 garbage-first heap   total 86016K, used 49002K [0x00000000c9e00000, 0x0000000100000000)
  region size 1024K, 3 young (3072K), 3 survivors (3072K)
 Metaspace       used 59571K, committed 60224K, reserved 1105920K
  class space    used 8332K, committed 8640K, reserved 1048576K
}
Event: 2104.891 GC heap before
{Heap before GC invocations=40 (full 2):
 garbage-first heap   total 97280K, used 59242K [0x00000000c9e00000, 0x0000000100000000)
  region size 1024K, 17 young (17408K), 3 survivors (3072K)
 Metaspace       used 59571K, committed 60224K, reserved 1105920K
  class space    used 8332K, committed 8640K, reserved 1048576K
}
Event: 2104.900 GC heap after
{Heap after GC invocations=41 (full 2):
 garbage-first heap   total 97280K, used 48498K [0x00000000c9e00000, 0x0000000100000000)
  region size 1024K, 3 young (3072K), 3 survivors (3072K)
 Metaspace       used 59571K, committed 60224K, reserved 1105920K
  class space    used 8332K, committed 8640K, reserved 1048576K
}
Event: 2104.905 GC heap before
{Heap before GC invocations=41 (full 2):
 garbage-first heap   total 97280K, used 49522K [0x00000000c9e00000, 0x0000000100000000)
  region size 1024K, 4 young (4096K), 3 survivors (3072K)
 Metaspace       used 59571K, committed 60224K, reserved 1105920K
  class space    used 8332K, committed 8640K, reserved 1048576K
}

Deoptimization events (20 events):
Event: 5.099 Thread 0x000001e128fcc950 DEOPT PACKING pc=0x000001e11f609e17 sp=0x00000038d1efed80
Event: 5.099 Thread 0x000001e128fcc950 DEOPT UNPACKING pc=0x000001e11f232b43 sp=0x00000038d1efe1d8 mode 3
Event: 5.099 Thread 0x000001e1277630b0 DEOPT PACKING pc=0x000001e11f53dc01 sp=0x00000038d1dfdc10
Event: 5.099 Thread 0x000001e1277630b0 DEOPT UNPACKING pc=0x000001e11f232b43 sp=0x00000038d1dfd0a0 mode 3
Event: 5.220 Thread 0x000001e1277630b0 DEOPT PACKING pc=0x000001e11f5db2ad sp=0x00000038d1df6aa0
Event: 5.220 Thread 0x000001e1277630b0 DEOPT UNPACKING pc=0x000001e11f232b43 sp=0x00000038d1df6000 mode 3
Event: 8.586 Thread 0x000001e1277630b0 DEOPT PACKING pc=0x000001e11f5e6122 sp=0x00000038d1dfc5d0
Event: 8.586 Thread 0x000001e1277630b0 DEOPT UNPACKING pc=0x000001e11f232b43 sp=0x00000038d1dfbad8 mode 3
Event: 8.587 Thread 0x000001e1277630b0 DEOPT PACKING pc=0x000001e11f54f015 sp=0x00000038d1dfc590
Event: 8.587 Thread 0x000001e1277630b0 DEOPT UNPACKING pc=0x000001e11f232b43 sp=0x00000038d1dfbad8 mode 3
Event: 9.907 Thread 0x000001e1277630b0 DEOPT PACKING pc=0x000001e11fac397b sp=0x00000038d1dfc400
Event: 9.907 Thread 0x000001e1277630b0 DEOPT UNPACKING pc=0x000001e11f232b43 sp=0x00000038d1dfb948 mode 3
Event: 69.238 Thread 0x000001e1295f3240 DEOPT PACKING pc=0x000001e11fd6f8ec sp=0x00000038d30f9490
Event: 69.238 Thread 0x000001e1295f3240 DEOPT UNPACKING pc=0x000001e11f232b43 sp=0x00000038d30f8a80 mode 3
Event: 69.554 Thread 0x000001e1295f3240 DEOPT PACKING pc=0x000001e11fcf647c sp=0x00000038d30fbc10
Event: 69.554 Thread 0x000001e1295f3240 DEOPT UNPACKING pc=0x000001e11f232b43 sp=0x00000038d30fb0a8 mode 0
Event: 1771.875 Thread 0x000001e12be81bb0 DEOPT PACKING pc=0x000001e11ff1d7e9 sp=0x00000038d04fe580
Event: 1771.877 Thread 0x000001e12be81bb0 DEOPT UNPACKING pc=0x000001e11f232b43 sp=0x00000038d04fdb30 mode 3
Event: 2099.510 Thread 0x000001e12be80870 DEOPT PACKING pc=0x000001e1200ef2f5 sp=0x00000038d1efdbb0
Event: 2099.510 Thread 0x000001e12be80870 DEOPT UNPACKING pc=0x000001e11f232b43 sp=0x00000038d1efd008 mode 3

Classes unloaded (20 events):
Event: 2096.957 Thread 0x000001e117a5daf0 Unloading class 0x000000080145ec00 'jdk/internal/reflect/GeneratedMethodAccessor128'
Event: 2096.957 Thread 0x000001e117a5daf0 Unloading class 0x000000080145b800 'jdk/internal/reflect/GeneratedConstructorAccessor53'
Event: 2096.957 Thread 0x000001e117a5daf0 Unloading class 0x000000080145b400 'jdk/internal/reflect/GeneratedConstructorAccessor52'
Event: 2096.957 Thread 0x000001e117a5daf0 Unloading class 0x0000000801451000 'jdk/internal/reflect/GeneratedMethodAccessor111'
Event: 2096.957 Thread 0x000001e117a5daf0 Unloading class 0x0000000801450c00 'jdk/internal/reflect/GeneratedMethodAccessor110'
Event: 2096.957 Thread 0x000001e117a5daf0 Unloading class 0x0000000801450800 'jdk/internal/reflect/GeneratedMethodAccessor109'
Event: 2096.957 Thread 0x000001e117a5daf0 Unloading class 0x0000000801450400 'jdk/internal/reflect/GeneratedMethodAccessor108'
Event: 2096.957 Thread 0x000001e117a5daf0 Unloading class 0x0000000801450000 'jdk/internal/reflect/GeneratedMethodAccessor107'
Event: 2096.957 Thread 0x000001e117a5daf0 Unloading class 0x0000000801444400 'jdk/internal/reflect/GeneratedMethodAccessor103'
Event: 2096.957 Thread 0x000001e117a5daf0 Unloading class 0x0000000801444000 'jdk/internal/reflect/GeneratedMethodAccessor102'
Event: 2096.957 Thread 0x000001e117a5daf0 Unloading class 0x000000080143b000 'jdk/internal/reflect/GeneratedConstructorAccessor50'
Event: 2096.957 Thread 0x000001e117a5daf0 Unloading class 0x000000080143a000 'jdk/internal/reflect/GeneratedMethodAccessor101'
Event: 2096.957 Thread 0x000001e117a5daf0 Unloading class 0x0000000801439c00 'jdk/internal/reflect/GeneratedMethodAccessor100'
Event: 2096.957 Thread 0x000001e117a5daf0 Unloading class 0x0000000801439800 'jdk/internal/reflect/GeneratedMethodAccessor99'
Event: 2096.957 Thread 0x000001e117a5daf0 Unloading class 0x0000000801439400 'jdk/internal/reflect/GeneratedMethodAccessor98'
Event: 2096.957 Thread 0x000001e117a5daf0 Unloading class 0x0000000801439000 'jdk/internal/reflect/GeneratedConstructorAccessor49'
Event: 2096.957 Thread 0x000001e117a5daf0 Unloading class 0x0000000801438800 'jdk/internal/reflect/GeneratedMethodAccessor96'
Event: 2096.957 Thread 0x000001e117a5daf0 Unloading class 0x0000000801438400 'jdk/internal/reflect/GeneratedMethodAccessor95'
Event: 2096.957 Thread 0x000001e117a5daf0 Unloading class 0x0000000801438000 'jdk/internal/reflect/GeneratedMethodAccessor94'
Event: 2096.957 Thread 0x000001e117a5daf0 Unloading class 0x0000000801424000 'jdk/internal/reflect/GeneratedConstructorAccessor48'

Classes redefined (0 events):
No events

Internal exceptions (20 events):
Event: 2100.899 Thread 0x000001e12be80870 Exception <a 'java/lang/ClassNotFoundException'{0x00000000cdece5f8}: java/lang/ObjectCustomizer> (0x00000000cdece5f8) 
thrown [t:\workspace\open\src\hotspot\share\classfile\systemDictionary.cpp, line 256]
Event: 2100.900 Thread 0x000001e12be80870 Exception <a 'java/lang/ClassNotFoundException'{0x00000000cded9450}: com/teamc/bioskop/Model/FilmsCustomizer> (0x00000000cded9450) 
thrown [t:\workspace\open\src\hotspot\share\classfile\systemDictionary.cpp, line 256]
Event: 2100.966 Thread 0x000001e12be80870 Exception <a 'java/lang/reflect/InvocationTargetException'{0x00000000cd909758}> (0x00000000cd909758) 
thrown [t:\workspace\open\src\hotspot\share\runtime\reflection.cpp, line 1121]
Event: 2100.971 Thread 0x000001e12be80870 Exception <a 'java/lang/reflect/InvocationTargetException'{0x00000000cd917e58}> (0x00000000cd917e58) 
thrown [t:\workspace\open\src\hotspot\share\runtime\reflection.cpp, line 1121]
Event: 2101.786 Thread 0x000001e12be80870 Exception <a 'java/lang/ClassNotFoundException'{0x00000000cd8b4798}: java/lang/ObjectCustomizer> (0x00000000cd8b4798) 
thrown [t:\workspace\open\src\hotspot\share\classfile\systemDictionary.cpp, line 256]
Event: 2101.787 Thread 0x000001e12be80870 Exception <a 'java/lang/ClassNotFoundException'{0x00000000cd8bead0}: com/teamc/bioskop/Model/ReservationCustomizer> (0x00000000cd8bead0) 
thrown [t:\workspace\open\src\hotspot\share\classfile\systemDictionary.cpp, line 256]
Event: 2101.789 Thread 0x000001e12be80870 Exception <a 'java/lang/ClassNotFoundException'{0x00000000cd8e55f8}: java/lang/ObjectCustomizer> (0x00000000cd8e55f8) 
thrown [t:\workspace\open\src\hotspot\share\classfile\systemDictionary.cpp, line 256]
Event: 2101.790 Thread 0x000001e12be80870 Exception <a 'java/lang/ClassNotFoundException'{0x00000000cd8ef6e0}: com/teamc/bioskop/Model/UserCustomizer> (0x00000000cd8ef6e0) 
thrown [t:\workspace\open\src\hotspot\share\classfile\systemDictionary.cpp, line 256]
Event: 2101.802 Thread 0x000001e12be80870 Exception <a 'java/lang/ClassNotFoundException'{0x00000000cd729968}: java/lang/ObjectCustomizer> (0x00000000cd729968) 
thrown [t:\workspace\open\src\hotspot\share\classfile\systemDictionary.cpp, line 256]
Event: 2101.803 Thread 0x000001e12be80870 Exception <a 'java/lang/ClassNotFoundException'{0x00000000cd733bc0}: com/teamc/bioskop/Model/ScheduleCustomizer> (0x00000000cd733bc0) 
thrown [t:\workspace\open\src\hotspot\share\classfile\systemDictionary.cpp, line 256]
Event: 2101.810 Thread 0x000001e12be80870 Exception <a 'java/lang/ClassNotFoundException'{0x00000000cd770b40}: java/lang/ObjectCustomizer> (0x00000000cd770b40) 
thrown [t:\workspace\open\src\hotspot\share\classfile\systemDictionary.cpp, line 256]
Event: 2101.811 Thread 0x000001e12be80870 Exception <a 'java/lang/ClassNotFoundException'{0x00000000cd77ace8}: com/teamc/bioskop/Model/SeatsCustomizer> (0x00000000cd77ace8) 
thrown [t:\workspace\open\src\hotspot\share\classfile\systemDictionary.cpp, line 256]
Event: 2101.863 Thread 0x000001e12be80870 Exception <a 'java/lang/reflect/InvocationTargetException'{0x00000000cd397338}> (0x00000000cd397338) 
thrown [t:\workspace\open\src\hotspot\share\runtime\reflection.cpp, line 1121]
Event: 2102.316 Thread 0x000001e12be80870 Exception <a 'java/lang/reflect/InvocationTargetException'{0x00000000cf106100}> (0x00000000cf106100) 
thrown [t:\workspace\open\src\hotspot\share\runtime\reflection.cpp, line 1121]
Event: 2102.609 Thread 0x000001e12be80870 Exception <a 'java/lang/reflect/InvocationTargetException'{0x00000000cec72370}> (0x00000000cec72370) 
thrown [t:\workspace\open\src\hotspot\share\runtime\reflection.cpp, line 1121]
Event: 2102.771 Thread 0x000001e12be80870 Exception <a 'java/lang/reflect/InvocationTargetException'{0x00000000ceca99f8}> (0x00000000ceca99f8) 
thrown [t:\workspace\open\src\hotspot\share\runtime\reflection.cpp, line 1121]
Event: 2102.774 Thread 0x000001e12be80870 Exception <a 'java/lang/reflect/InvocationTargetException'{0x00000000cecbd150}> (0x00000000cecbd150) 
thrown [t:\workspace\open\src\hotspot\share\runtime\reflection.cpp, line 1121]
Event: 2102.953 Thread 0x000001e12be80870 Exception <a 'java/lang/reflect/InvocationTargetException'{0x00000000ce72b658}> (0x00000000ce72b658) 
thrown [t:\workspace\open\src\hotspot\share\runtime\reflection.cpp, line 1121]
Event: 2102.985 Thread 0x000001e12be80870 Exception <a 'java/lang/reflect/InvocationTargetException'{0x00000000ce77c410}> (0x00000000ce77c410) 
thrown [t:\workspace\open\src\hotspot\share\runtime\reflection.cpp, line 1121]
Event: 2103.062 Thread 0x000001e12be80870 Exception <a 'java/lang/reflect/InvocationTargetException'{0x00000000ce3da568}> (0x00000000ce3da568) 
thrown [t:\workspace\open\src\hotspot\share\runtime\reflection.cpp, line 1121]

VM Operations (20 events):
Event: 2104.733 Executing VM operation: G1Concurrent done
Event: 2104.775 Executing VM operation: ICBufferFull
Event: 2104.807 Executing VM operation: ICBufferFull done
Event: 2104.807 Executing VM operation: ICBufferFull
Event: 2104.807 Executing VM operation: ICBufferFull done
Event: 2104.812 Executing VM operation: G1Concurrent
Event: 2104.812 Executing VM operation: G1Concurrent done
Event: 2104.825 Executing VM operation: ICBufferFull
Event: 2104.825 Executing VM operation: ICBufferFull done
Event: 2104.825 Executing VM operation: ICBufferFull
Event: 2104.825 Executing VM operation: ICBufferFull done
Event: 2104.832 Executing VM operation: ICBufferFull
Event: 2104.832 Executing VM operation: ICBufferFull done
Event: 2104.833 Executing VM operation: ICBufferFull
Event: 2104.834 Executing VM operation: ICBufferFull done
Event: 2104.837 Executing VM operation: ICBufferFull
Event: 2104.837 Executing VM operation: ICBufferFull done
Event: 2104.891 Executing VM operation: G1CollectForAllocation
Event: 2104.902 Executing VM operation: G1CollectForAllocation done
Event: 2104.905 Executing VM operation: G1CollectForAllocation

Events (20 events):
Event: 2104.382 Thread 0x000001e12be81210 Thread added: 0x000001e12be81210
Event: 2104.382 Thread 0x000001e12be7f530 Thread added: 0x000001e12be7f530
Event: 2104.383 Thread 0x000001e12be7fa00 Thread added: 0x000001e12be7fa00
Event: 2104.383 Thread 0x000001e12be83d60 Thread added: 0x000001e12be83d60
Event: 2104.435 Thread 0x000001e12be7fa00 Thread exited: 0x000001e12be7fa00
Event: 2104.435 Thread 0x000001e12be86d80 Thread exited: 0x000001e12be86d80
Event: 2104.435 Thread 0x000001e12be81210 Thread exited: 0x000001e12be81210
Event: 2104.435 Thread 0x000001e12be80d40 Thread exited: 0x000001e12be80d40
Event: 2104.435 Thread 0x000001e12be83d60 Thread exited: 0x000001e12be83d60
Event: 2104.435 Thread 0x000001e12be863e0 Thread exited: 0x000001e12be863e0
Event: 2104.435 Thread 0x000001e12be7f530 Thread exited: 0x000001e12be7f530
Event: 2104.436 Thread 0x000001e12be83890 Thread exited: 0x000001e12be83890
Event: 2104.481 Thread 0x000001e12be81bb0 Thread added: 0x000001e12be81bb0
Event: 2104.514 Thread 0x000001e12be80d40 Thread added: 0x000001e12be80d40
Event: 2104.514 Thread 0x000001e12be82a20 Thread added: 0x000001e12be82a20
Event: 2104.514 Thread 0x000001e12be863e0 Thread added: 0x000001e12be863e0
Event: 2104.514 Thread 0x000001e12be833c0 Thread added: 0x000001e12be833c0
Event: 2104.515 Thread 0x000001e12be82ef0 Thread added: 0x000001e12be82ef0
Event: 2104.515 Thread 0x000001e12be86d80 Thread added: 0x000001e12be86d80
Event: 2104.515 Thread 0x000001e12be84700 Thread added: 0x000001e12be84700


Dynamic libraries:
0x00007ff79ed90000 - 0x00007ff79eda0000 	C:\Program Files\Java\jdk-17.0.2\bin\java.exe
0x00007ffe770a0000 - 0x00007ffe772a9000 	C:\WINDOWS\SYSTEM32\ntdll.dll
0x00007ffe75ac0000 - 0x00007ffe75b7d000 	C:\WINDOWS\System32\KERNEL32.DLL
0x00007ffe746f0000 - 0x00007ffe74a69000 	C:\WINDOWS\System32\KERNELBASE.dll
0x00007ffe74c00000 - 0x00007ffe74d11000 	C:\WINDOWS\System32\ucrtbase.dll
0x00007ffe53e00000 - 0x00007ffe53e18000 	C:\Program Files\Java\jdk-17.0.2\bin\jli.dll
0x00007ffe4d430000 - 0x00007ffe4d44a000 	C:\Program Files\Java\jdk-17.0.2\bin\VCRUNTIME140.dll
0x00007ffe75400000 - 0x00007ffe754ae000 	C:\WINDOWS\System32\ADVAPI32.dll
0x00007ffe75850000 - 0x00007ffe758f3000 	C:\WINDOWS\System32\msvcrt.dll
0x00007ffe76fb0000 - 0x00007ffe7704e000 	C:\WINDOWS\System32\sechost.dll
0x00007ffe767f0000 - 0x00007ffe76910000 	C:\WINDOWS\System32\RPCRT4.dll
0x00007ffe76990000 - 0x00007ffe76b3c000 	C:\WINDOWS\System32\USER32.dll
0x00007ffe74e80000 - 0x00007ffe74ea6000 	C:\WINDOWS\System32\win32u.dll
0x00007ffe755d0000 - 0x00007ffe755f9000 	C:\WINDOWS\System32\GDI32.dll
0x00007ffe74ae0000 - 0x00007ffe74bf2000 	C:\WINDOWS\System32\gdi32full.dll
0x00007ffe74d20000 - 0x00007ffe74dbd000 	C:\WINDOWS\System32\msvcp_win.dll
0x00007ffe5c1b0000 - 0x00007ffe5c455000 	C:\WINDOWS\WinSxS\amd64_microsoft.windows.common-controls_6595b64144ccf1df_6.0.22000.120_none_9d947278b86cc467\COMCTL32.dll
0x00007ffe6ccb0000 - 0x00007ffe6ccba000 	C:\WINDOWS\SYSTEM32\VERSION.dll
0x00007ffe751c0000 - 0x00007ffe751f1000 	C:\WINDOWS\System32\IMM32.DLL
0x00007ffe64b80000 - 0x00007ffe64b8c000 	C:\Program Files\Java\jdk-17.0.2\bin\vcruntime140_1.dll
0x00007ffe3c550000 - 0x00007ffe3c5dd000 	C:\Program Files\Java\jdk-17.0.2\bin\msvcp140.dll
0x00007ffe202f0000 - 0x00007ffe20eb1000 	C:\Program Files\Java\jdk-17.0.2\bin\server\jvm.dll
0x00007ffe77050000 - 0x00007ffe77058000 	C:\WINDOWS\System32\PSAPI.DLL
0x00007ffe5c980000 - 0x00007ffe5c989000 	C:\WINDOWS\SYSTEM32\WSOCK32.dll
0x00007ffe6f3d0000 - 0x00007ffe6f403000 	C:\WINDOWS\SYSTEM32\WINMM.dll
0x00007ffe75280000 - 0x00007ffe752ef000 	C:\WINDOWS\System32\WS2_32.dll
0x00007ffe73680000 - 0x00007ffe73698000 	C:\WINDOWS\SYSTEM32\kernel.appcore.dll
0x00007ffe633f0000 - 0x00007ffe633fa000 	C:\Program Files\Java\jdk-17.0.2\bin\jimage.dll
0x00007ffe72330000 - 0x00007ffe72551000 	C:\WINDOWS\SYSTEM32\DBGHELP.DLL
0x00007ffe5fa50000 - 0x00007ffe5fa81000 	C:\WINDOWS\SYSTEM32\dbgcore.DLL
0x00007ffe74eb0000 - 0x00007ffe74f2f000 	C:\WINDOWS\System32\bcryptPrimitives.dll
0x00007ffe4a150000 - 0x00007ffe4a175000 	C:\Program Files\Java\jdk-17.0.2\bin\java.dll
0x00007ffe313a0000 - 0x00007ffe31476000 	C:\Program Files\Java\jdk-17.0.2\bin\jsvml.dll
0x00007ffe75b80000 - 0x00007ffe76338000 	C:\WINDOWS\System32\SHELL32.dll
0x00007ffe726f0000 - 0x00007ffe72f58000 	C:\WINDOWS\SYSTEM32\windows.storage.dll
0x00007ffe76340000 - 0x00007ffe766b9000 	C:\WINDOWS\System32\combase.dll
0x00007ffe72580000 - 0x00007ffe726e6000 	C:\WINDOWS\SYSTEM32\wintypes.dll
0x00007ffe750d0000 - 0x00007ffe751ba000 	C:\WINDOWS\System32\SHCORE.dll
0x00007ffe76910000 - 0x00007ffe7696d000 	C:\WINDOWS\System32\shlwapi.dll
0x00007ffe744b0000 - 0x00007ffe744d1000 	C:\WINDOWS\SYSTEM32\profapi.dll
0x00007ffe4ab00000 - 0x00007ffe4ab19000 	C:\Program Files\Java\jdk-17.0.2\bin\net.dll
0x00007ffe6cea0000 - 0x00007ffe6cfac000 	C:\WINDOWS\SYSTEM32\WINHTTP.dll
0x00007ffe73ab0000 - 0x00007ffe73b17000 	C:\WINDOWS\system32\mswsock.dll
0x00007ffe49350000 - 0x00007ffe49366000 	C:\Program Files\Java\jdk-17.0.2\bin\nio.dll
0x00007ffe48c80000 - 0x00007ffe48c98000 	C:\Program Files\Java\jdk-17.0.2\bin\zip.dll
0x00007ffe57100000 - 0x00007ffe57110000 	C:\Program Files\Java\jdk-17.0.2\bin\verify.dll
0x00007ffe71670000 - 0x00007ffe71679000 	C:\Program Files\Java\jdk-17.0.2\bin\management.dll
0x00007ffe71660000 - 0x00007ffe7166b000 	C:\Program Files\Java\jdk-17.0.2\bin\management_ext.dll
0x00007ffe58d00000 - 0x00007ffe58d17000 	C:\WINDOWS\system32\napinsp.dll
0x00007ffe58ce0000 - 0x00007ffe58cfb000 	C:\WINDOWS\system32\pnrpnsp.dll
0x00007ffe731e0000 - 0x00007ffe732c8000 	C:\WINDOWS\SYSTEM32\DNSAPI.dll
0x00007ffe731b0000 - 0x00007ffe731dd000 	C:\WINDOWS\SYSTEM32\IPHLPAPI.DLL
0x00007ffe752f0000 - 0x00007ffe752f9000 	C:\WINDOWS\System32\NSI.dll
0x00007ffe58b40000 - 0x00007ffe58b52000 	C:\WINDOWS\System32\winrnr.dll
0x00007ffe58b20000 - 0x00007ffe58b35000 	C:\WINDOWS\system32\wshbth.dll
0x00007ffe58ab0000 - 0x00007ffe58acf000 	C:\WINDOWS\system32\nlansp_c.dll
0x00007ffe69dc0000 - 0x00007ffe69dca000 	C:\Windows\System32\rasadhlp.dll
0x00007ffe6b1d0000 - 0x00007ffe6b251000 	C:\WINDOWS\System32\fwpuclnt.dll
0x00007ffe73cf0000 - 0x00007ffe73d08000 	C:\WINDOWS\SYSTEM32\CRYPTSP.dll
0x00007ffe735e0000 - 0x00007ffe73615000 	C:\WINDOWS\system32\rsaenh.dll
0x00007ffe73ba0000 - 0x00007ffe73bc9000 	C:\WINDOWS\SYSTEM32\USERENV.dll
0x00007ffe73e70000 - 0x00007ffe73e97000 	C:\WINDOWS\SYSTEM32\bcrypt.dll
0x00007ffe73d10000 - 0x00007ffe73d1c000 	C:\WINDOWS\SYSTEM32\CRYPTBASE.dll
0x00007ffe6d090000 - 0x00007ffe6d0a9000 	C:\WINDOWS\SYSTEM32\dhcpcsvc6.DLL
0x00007ffe6d180000 - 0x00007ffe6d19e000 	C:\WINDOWS\SYSTEM32\dhcpcsvc.DLL
0x00007ffe66ce0000 - 0x00007ffe66cee000 	C:\Program Files\Java\jdk-17.0.2\bin\sunmscapi.dll
0x00007ffe74580000 - 0x00007ffe746e2000 	C:\WINDOWS\System32\CRYPT32.dll
0x00007ffe73e40000 - 0x00007ffe73e68000 	C:\WINDOWS\SYSTEM32\ncrypt.dll
0x00007ffe73e00000 - 0x00007ffe73e37000 	C:\WINDOWS\SYSTEM32\NTASN1.dll
0x00007ffe65d40000 - 0x00007ffe65d48000 	C:\WINDOWS\system32\wshunix.dll

dbghelp: loaded successfully - version: 4.0.5 - missing functions: none
symbol engine: initialized successfully - sym options: 0x614 - pdb path: .;C:\Program Files\Java\jdk-17.0.2\bin;C:\WINDOWS\SYSTEM32;C:\WINDOWS\WinSxS\amd64_microsoft.windows.common-controls_6595b64144ccf1df_6.0.22000.120_none_9d947278b86cc467;C:\Program Files\Java\jdk-17.0.2\bin\server

VM Arguments:
jvm_args: -XX:TieredStopAtLevel=1 
java_command: com.teamc.bioskop.BioskopApplication
java_class_path (initial): C:\Bootcamp\bioskopReservation\target\classes;C:\Users\lenovo\.m2\repository\org\springframework\spring-aop\5.3.20\spring-aop-5.3.20.jar;C:\Users\lenovo\.m2\repository\org\aspectj\aspectjweaver\1.9.7\aspectjweaver-1.9.7.jar;C:\Users\lenovo\.m2\repository\com\zaxxer\HikariCP\4.0.3\HikariCP-4.0.3.jar;C:\Users\lenovo\.m2\repository\org\springframework\spring-jdbc\5.3.20\spring-jdbc-5.3.20.jar;C:\Users\lenovo\.m2\repository\jakarta\transaction\jakarta.transaction-api\1.3.3\jakarta.transaction-api-1.3.3.jar;C:\Users\lenovo\.m2\repository\jakarta\persistence\jakarta.persistence-api\2.2.3\jakarta.persistence-api-2.2.3.jar;C:\Users\lenovo\.m2\repository\org\hibernate\hibernate-core\5.6.9.Final\hibernate-core-5.6.9.Final.jar;C:\Users\lenovo\.m2\repository\org\jboss\logging\jboss-logging\3.4.3.Final\jboss-logging-3.4.3.Final.jar;C:\Users\lenovo\.m2\repository\net\bytebuddy\byte-buddy\1.12.10\byte-buddy-1.12.10.jar;C:\Users\lenovo\.m2\repository\antlr\antlr\2.7.7\antlr-2.7.7.jar;C:\Users\lenovo\.m2\repository\org\jboss\jandex\2.4.2.Final\jandex-2.4.2.Final.jar;C:\Users\lenovo\.m2\repository\com\fasterxml\classmate\1.5.1\classmate-1.5.1.jar;C:\Users\lenovo\.m2\repository\org\hibernate\common\hibernate-commons-annotations\5.1.2.Final\hibernate-commons-annotations-5.1.2.Final.jar;C:\Users\lenovo\.m2\repository\org\glassfish\jaxb\jaxb-runtime\2.3.6\jaxb-runtime-2.3.6.jar;C:\Users\lenovo\.m2\repository\org\glassfish\jaxb\txw2\2.3.6\txw2-2.3.6.jar;C:\Users\lenovo\.m2\repository\com\sun\istack\istack-commons-runtime\3.0.12\istack-commons-runtime-3.0.12.jar;C:\Users\lenovo\.m2\repository\com\sun\activation\jakarta.activation\1.2.2\jakarta.activation-1.2.2.jar;C:\Users\lenovo\.m2\repository\org\springframework\data\spring-data-jpa\2.7.0\spring-data-jpa-2.7.0.jar;C:\Users\lenovo\.m2\repository\org\springframework\data\spring-data-commons\2.7.0\spring-data-commons-2.7.0.jar;C:\Users\lenovo\.m2\repository\org\springframework\spring-orm\5.3.20\spring-orm-5.3.20
Launcher Type: SUN_STANDARD

[Global flags]
     intx CICompilerCount                          = 3                                         {product} {ergonomic}
     uint ConcGCThreads                            = 1                                         {product} {ergonomic}
     uint G1ConcRefinementThreads                  = 4                                         {product} {ergonomic}
   size_t G1HeapRegionSize                         = 1048576                                   {product} {ergonomic}
    uintx GCDrainStackTargetSize                   = 64                                        {product} {ergonomic}
   size_t InitialHeapSize                          = 58720256                                  {product} {ergonomic}
   size_t MarkStackSize                            = 4194304                                   {product} {ergonomic}
   size_t MaxHeapSize                              = 908066816                                 {product} {ergonomic}
   size_t MaxNewSize                               = 544210944                                 {product} {ergonomic}
   size_t MinHeapDeltaBytes                        = 1048576                                   {product} {ergonomic}
   size_t MinHeapSize                              = 8388608                                   {product} {ergonomic}
    uintx NonProfiledCodeHeapSize                  = 0                                      {pd product} {ergonomic}
     bool ProfileInterpreter                       = false                                  {pd product} {command line}
    uintx ProfiledCodeHeapSize                     = 0                                      {pd product} {ergonomic}
   size_t SoftMaxHeapSize                          = 908066816                              {manageable} {ergonomic}
     intx TieredStopAtLevel                        = 1                                         {product} {command line}
     bool UseCompressedClassPointers               = true                           {product lp64_product} {ergonomic}
     bool UseCompressedOops                        = true                           {product lp64_product} {ergonomic}
     bool UseG1GC                                  = true                                      {product} {ergonomic}
     bool UseLargePagesIndividualAllocation        = false                                  {pd product} {ergonomic}

Logging:
Log output configuration:
 #0: stdout all=warning uptime,level,tags
 #1: stderr all=off uptime,level,tags

Environment Variables:
JAVA_HOME=C:\Program Files\Java\jdk-17.0.2
PATH=C:\oraclexe\app\oracle\product\11.2.0\server\bin;C:\Program Files\Common Files\Oracle\Java\javapath;C:\ProgramData\Oracle\Java\javapath;C:\WINDOWS\system32;C:\Users\lenovo\Downloads\apache-maven-3.6.3\bin;C:\Program Files\Java\jdk-17.0.2\bin;C:\WINDOWS;C:\WINDOWS\System32\Wbem;C:\WINDOWS\System32\WindowsPowerShell\v1.0\;C:\WINDOWS\System32\OpenSSH\;C:\xampp\php;C:\ProgramData\ComposerSetup\bin;C:\Program Files\MySQL\MySQL Server 8.0\bin;C:\Program Files\Git\cmd;C:\Program Files\MySQL\MySQL Shell 8.0\bin\;C:\Users\lenovo\AppData\Local\Microsoft\WindowsApps;C:\Users\lenovo\AppData\Roaming\Composer\vendor\bin;C:\Users\lenovo\AppData\Local\Programs\Microsoft VS Code\bin;C:\Users\lenovo\Downloads\apache-maven-3.6.3\bin;C:\Program Files\Java\jdk-17.0.2\bin;
USERNAME=lenovo
OS=Windows_NT
PROCESSOR_IDENTIFIER=AMD64 Family 23 Model 24 Stepping 1, AuthenticAMD



---------------  S Y S T E M  ---------------

OS:
 Windows 11 , 64 bit Build 22000 (10.0.22000.708)
OS uptime: 1 days 11:29 hours

CPU: total 4 (initial active 4) (4 cores per cpu, 2 threads per core) family 23 model 24 stepping 1 microcode 0x0, cx8, cmov, fxsr, ht, mmx, 3dnowpref, sse, sse2, sse3, ssse3, sse4a, sse4.1, sse4.2, popcnt, lzcnt, tsc, tscinvbit, avx, avx2, aes, clmul, bmi1, bmi2, adx, sha, fma, vzeroupper, clflush, clflushopt

Memory: 4k page, system-wide physical 3460M (25M free)
TotalPageFile size 14212M (AvailPageFile size 82M)
current process WorkingSet (physical memory assigned to process): 215M, peak: 237M
current process commit charge ("private bytes"): 271M, peak: 353M

vm_info: Java HotSpot(TM) 64-Bit Server VM (17.0.2+8-LTS-86) for windows-amd64 JRE (17.0.2+8-LTS-86), built on Dec  7 2021 21:51:03 by "mach5one" with MS VC++ 16.8 / 16.9 (VS2019)

END.
